<?xml version="1.0" encoding="UTF-8"?>
<testng-results skipped="0" failed="0" ignored="0" total="1" passed="1">
  <reporter-output>
  </reporter-output>
  <suite name="Default suite" duration-ms="16071" started-at="2019-05-16T06:44:31Z" finished-at="2019-05-16T06:44:47Z">
    <groups>
    </groups>
    <test name="Default test" duration-ms="16071" started-at="2019-05-16T06:44:31Z" finished-at="2019-05-16T06:44:47Z">
      <class name="com.facebook.tests.LoginTest2">
        <test-method status="PASS" signature="verifyLogin()[pri:0, instance:com.facebook.tests.LoginTest2@2a2d45ba]" name="verifyLogin" duration-ms="16051" started-at="2019-05-16T06:44:31Z" finished-at="2019-05-16T06:44:47Z">
          <reporter-output>
          </reporter-output>
        </test-method> <!-- verifyLogin -->
      </class> <!-- com.facebook.tests.LoginTest2 -->
    </test> <!-- Default test -->
  </suite> <!-- Default suite -->
</testng-results>
