<?xml version="1.0" encoding="UTF-8"?>
<testng-results skipped="0" failed="0" total="3" passed="3">
  <reporter-output>
  </reporter-output>
  <suite name="Suite" duration-ms="32395" started-at="2019-05-17T04:27:52Z" finished-at="2019-05-17T04:28:24Z">
    <groups>
    </groups>
    <test name="Test" duration-ms="32395" started-at="2019-05-17T04:27:52Z" finished-at="2019-05-17T04:28:24Z">
      <class name="com.qa.testcases.LoginPageTest">
        <test-method status="PASS" signature="setUp()[pri:0, instance:com.qa.testcases.LoginPageTest@cc285f4]" name="setUp" is-config="true" duration-ms="3697" started-at="2019-05-17T09:57:52Z" finished-at="2019-05-17T09:57:55Z">
          <reporter-output>
          </reporter-output>
        </test-method> <!-- setUp -->
        <test-method status="PASS" signature="testLogin()[pri:0, instance:com.qa.testcases.LoginPageTest@cc285f4]" name="testLogin" duration-ms="4782" started-at="2019-05-17T09:57:55Z" finished-at="2019-05-17T09:58:00Z">
          <reporter-output>
          </reporter-output>
        </test-method> <!-- testLogin -->
        <test-method status="PASS" signature="tearDown()[pri:0, instance:com.qa.testcases.LoginPageTest@cc285f4]" name="tearDown" is-config="true" duration-ms="84" started-at="2019-05-17T09:58:00Z" finished-at="2019-05-17T09:58:00Z">
          <reporter-output>
          </reporter-output>
        </test-method> <!-- tearDown -->
        <test-method status="PASS" signature="setUp()[pri:0, instance:com.qa.testcases.LoginPageTest@cc285f4]" name="setUp" is-config="true" duration-ms="16539" started-at="2019-05-17T09:58:00Z" finished-at="2019-05-17T09:58:17Z">
          <reporter-output>
          </reporter-output>
        </test-method> <!-- setUp -->
        <test-method status="PASS" signature="testLogin1(java.lang.String, java.lang.String)[pri:0, instance:com.qa.testcases.LoginPageTest@cc285f4]" name="testLogin1" duration-ms="1671" started-at="2019-05-17T09:58:17Z" data-provider="Authentication" finished-at="2019-05-17T09:58:19Z">
          <params>
            <param index="0">
              <value>
                <![CDATA[testuser_1]]>
              </value>
            </param>
            <param index="1">
              <value>
                <![CDATA[Test@123]]>
              </value>
            </param>
          </params>
          <reporter-output>
          </reporter-output>
        </test-method> <!-- testLogin1 -->
        <test-method status="PASS" signature="tearDown()[pri:0, instance:com.qa.testcases.LoginPageTest@cc285f4]" name="tearDown" is-config="true" duration-ms="69" started-at="2019-05-17T09:58:19Z" finished-at="2019-05-17T09:58:19Z">
          <reporter-output>
          </reporter-output>
        </test-method> <!-- tearDown -->
        <test-method status="PASS" signature="setUp()[pri:0, instance:com.qa.testcases.LoginPageTest@cc285f4]" name="setUp" is-config="true" duration-ms="3033" started-at="2019-05-17T09:58:19Z" finished-at="2019-05-17T09:58:22Z">
          <reporter-output>
          </reporter-output>
        </test-method> <!-- setUp -->
        <test-method status="PASS" signature="testLogin1(java.lang.String, java.lang.String)[pri:0, instance:com.qa.testcases.LoginPageTest@cc285f4]" name="testLogin1" duration-ms="2423" started-at="2019-05-17T09:58:22Z" data-provider="Authentication" finished-at="2019-05-17T09:58:24Z">
          <params>
            <param index="0">
              <value>
                <![CDATA[testuser_1]]>
              </value>
            </param>
            <param index="1">
              <value>
                <![CDATA[Test@123]]>
              </value>
            </param>
          </params>
          <reporter-output>
          </reporter-output>
        </test-method> <!-- testLogin1 -->
        <test-method status="PASS" signature="tearDown()[pri:0, instance:com.qa.testcases.LoginPageTest@cc285f4]" name="tearDown" is-config="true" duration-ms="76" started-at="2019-05-17T09:58:24Z" finished-at="2019-05-17T09:58:24Z">
          <reporter-output>
          </reporter-output>
        </test-method> <!-- tearDown -->
      </class> <!-- com.qa.testcases.LoginPageTest -->
    </test> <!-- Test -->
  </suite> <!-- Suite -->
</testng-results>
