<?xml version="1.0" encoding="UTF-8"?>
<!-- Generated by org.testng.reporters.JUnitXMLReporter -->
<testsuite hostname="AOL0087" name="Test" tests="3" failures="0" timestamp="17 May 2019 04:28:24 GMT" time="32.395" errors="0">
  <testcase name="testLogin" time="4.782" classname="com.qa.testcases.LoginPageTest"/>
  <testcase name="testLogin1" time="1.671" classname="com.qa.testcases.LoginPageTest"/>
  <testcase name="testLogin1" time="2.423" classname="com.qa.testcases.LoginPageTest"/>
</testsuite> <!-- Test -->
